1                                                            System SAS                                10:06 Wednesday, May 22, 2024

NOTE: Unable to open SASUSER.REGSTRY. WORK.REGSTRY will be opened instead.
NOTE: All registry changes will be lost at the end of the session.

WARNING: Unable to copy SASUSER registry to WORK registry. Because of this, you will not see registry customizations during this 
         session.
NOTE: Unable to open SASUSER.PROFILE. WORK.PROFILE will be opened instead.
NOTE: All profile changes will be lost at the end of the session.
NOTE: Copyright (c) 2016 by SAS Institute Inc., Cary, NC, USA. 
NOTE: SAS (r) Proprietary Software 9.4 (TS1M7) 
      Licensed to UE KATOWICE_WINDOWS 64BIT, Site 70099443.
NOTE: This session is executing on the X64_10HOME  platform.



NOTE: Analytical products:
      
      SAS/STAT 15.2
      SAS/ETS 15.2
      SAS/OR 15.2
      SAS/IML 15.2
      SAS/QC 15.2

NOTE: Additional host information:

 X64_10HOME WIN 10.0.22621  Workstation

NOTE: SAS initialization used:
      real time           0.39 seconds
      cpu time            0.10 seconds
      
1          ods _all_ close;
2          ods listing gpath = ".\src\main\resources";
3          ods graphics on /reset imagefmt = png reset imagename = "wykres";
4          
5          
6          
7          PROC GCHART DATA=stud.klienci;
ERROR: Libref STUD nie zosta³ przypisany.
8          VBAR plec / type=freq
ERROR: No data set open to look up variables.
9          maxis=axisl raxis=axis2;
UWAGA: Usuniêto poprzedni¹ instrukcjê.
10         RUN;

11         
12         ods graphics off;
13         ods listing ;
NOTE: The SAS System stopped processing this step because of errors.
NOTE: PROCEDURE GCHART zajê³a (ca³kowity czas przetwarzania):
      real time           0.03 seconds
      cpu time            0.00 seconds
      

ERROR: Errors printed on page 1.

NOTE: SAS Institute Inc., SAS Campus Drive, Cary, NC USA 27513-2414
NOTE: The SAS System used:
2                                          System SAS              10:06 Wednesday, May 22, 2024

      real time           0.51 seconds
      cpu time            0.14 seconds
      
